[INFO ] 2024-01-14 21:19:02.657 [main] UserTests - ********** Creating User *************
[INFO ] 2024-01-14 21:19:08.584 [main] UserTests - ********** User is created *************
[INFO ] 2024-01-14 21:19:08.596 [main] UserTests - ********** Reading User Info *************
[INFO ] 2024-01-14 21:19:13.998 [main] UserTests - ********** User info is displayed *************
[INFO ] 2024-01-14 21:19:14.001 [main] UserTests - ********** Updating User *************
[INFO ] 2024-01-14 21:19:18.733 [main] UserTests - ********** User is updated *************
[INFO ] 2024-01-14 21:19:22.610 [main] UserTests - ********** Deleting User *************
[INFO ] 2024-01-14 21:19:27.400 [main] UserTests - ********** User Deleted *************
[INFO ] 2024-01-15 13:30:01.391 [main] UserTests2 - ********** Creating User *************
[INFO ] 2024-01-15 13:30:09.108 [main] UserTests2 - ********** User is created *************
[INFO ] 2024-01-15 13:30:09.142 [main] UserTests2 - ********** Reading User Info *************
[INFO ] 2024-01-15 13:30:12.761 [main] UserTests2 - ********** User info is displayed *************
[INFO ] 2024-01-15 13:30:12.785 [main] UserTests2 - ********** Updating User *************
[INFO ] 2024-01-15 13:30:16.613 [main] UserTests2 - ********** User is updated *************
[INFO ] 2024-01-15 13:30:20.351 [main] UserTests2 - ********** Deleting User *************
[INFO ] 2024-01-15 13:30:24.522 [main] UserTests2 - ********** User Deleted *************
[DEBUG] 2024-01-15 13:42:15.276 [main] PackageRelationshipCollection - Parsing relationship: /xl/_rels/workbook.xml.rels
[DEBUG] 2024-01-15 13:42:15.287 [main] PackageRelationshipCollection - Parsing relationship: /xl/worksheets/_rels/sheet1.xml.rels
[DEBUG] 2024-01-15 13:42:15.290 [main] PackageRelationshipCollection - Parsing relationship: /_rels/.rels
[DEBUG] 2024-01-15 13:42:16.427 [main] PackageRelationshipCollection - Parsing relationship: /xl/_rels/workbook.xml.rels
[DEBUG] 2024-01-15 13:42:16.430 [main] PackageRelationshipCollection - Parsing relationship: /xl/worksheets/_rels/sheet1.xml.rels
[DEBUG] 2024-01-15 13:42:16.432 [main] PackageRelationshipCollection - Parsing relationship: /_rels/.rels
[DEBUG] 2024-01-15 13:42:16.486 [main] PackageRelationshipCollection - Parsing relationship: /xl/_rels/workbook.xml.rels
[DEBUG] 2024-01-15 13:42:16.488 [main] PackageRelationshipCollection - Parsing relationship: /xl/worksheets/_rels/sheet1.xml.rels
[DEBUG] 2024-01-15 13:42:16.491 [main] PackageRelationshipCollection - Parsing relationship: /_rels/.rels
[DEBUG] 2024-01-15 13:42:16.594 [main] PackageRelationshipCollection - Parsing relationship: /xl/_rels/workbook.xml.rels
[DEBUG] 2024-01-15 13:42:16.596 [main] PackageRelationshipCollection - Parsing relationship: /xl/worksheets/_rels/sheet1.xml.rels
[DEBUG] 2024-01-15 13:42:16.598 [main] PackageRelationshipCollection - Parsing relationship: /_rels/.rels
[DEBUG] 2024-01-15 13:42:16.654 [main] PackageRelationshipCollection - Parsing relationship: /xl/_rels/workbook.xml.rels
[DEBUG] 2024-01-15 13:42:16.656 [main] PackageRelationshipCollection - Parsing relationship: /xl/worksheets/_rels/sheet1.xml.rels
[DEBUG] 2024-01-15 13:42:16.657 [main] PackageRelationshipCollection - Parsing relationship: /_rels/.rels
[DEBUG] 2024-01-15 13:42:16.701 [main] PackageRelationshipCollection - Parsing relationship: /xl/_rels/workbook.xml.rels
[DEBUG] 2024-01-15 13:42:16.702 [main] PackageRelationshipCollection - Parsing relationship: /xl/worksheets/_rels/sheet1.xml.rels
[DEBUG] 2024-01-15 13:42:16.704 [main] PackageRelationshipCollection - Parsing relationship: /_rels/.rels
[DEBUG] 2024-01-15 13:42:16.745 [main] PackageRelationshipCollection - Parsing relationship: /xl/_rels/workbook.xml.rels
[DEBUG] 2024-01-15 13:42:16.748 [main] PackageRelationshipCollection - Parsing relationship: /xl/worksheets/_rels/sheet1.xml.rels
[DEBUG] 2024-01-15 13:42:16.749 [main] PackageRelationshipCollection - Parsing relationship: /_rels/.rels
[DEBUG] 2024-01-15 13:42:16.784 [main] PackageRelationshipCollection - Parsing relationship: /xl/_rels/workbook.xml.rels
[DEBUG] 2024-01-15 13:42:16.786 [main] PackageRelationshipCollection - Parsing relationship: /xl/worksheets/_rels/sheet1.xml.rels
[DEBUG] 2024-01-15 13:42:16.788 [main] PackageRelationshipCollection - Parsing relationship: /_rels/.rels
[DEBUG] 2024-01-15 13:42:16.911 [main] PackageRelationshipCollection - Parsing relationship: /xl/_rels/workbook.xml.rels
[DEBUG] 2024-01-15 13:42:16.914 [main] PackageRelationshipCollection - Parsing relationship: /xl/worksheets/_rels/sheet1.xml.rels
[DEBUG] 2024-01-15 13:42:16.916 [main] PackageRelationshipCollection - Parsing relationship: /_rels/.rels
[DEBUG] 2024-01-15 13:42:16.957 [main] PackageRelationshipCollection - Parsing relationship: /xl/_rels/workbook.xml.rels
[DEBUG] 2024-01-15 13:42:16.959 [main] PackageRelationshipCollection - Parsing relationship: /xl/worksheets/_rels/sheet1.xml.rels
[DEBUG] 2024-01-15 13:42:16.960 [main] PackageRelationshipCollection - Parsing relationship: /_rels/.rels
[DEBUG] 2024-01-15 13:42:16.996 [main] PackageRelationshipCollection - Parsing relationship: /xl/_rels/workbook.xml.rels
[DEBUG] 2024-01-15 13:42:16.998 [main] PackageRelationshipCollection - Parsing relationship: /xl/worksheets/_rels/sheet1.xml.rels
[DEBUG] 2024-01-15 13:42:16.999 [main] PackageRelationshipCollection - Parsing relationship: /_rels/.rels
[DEBUG] 2024-01-15 13:42:17.036 [main] PackageRelationshipCollection - Parsing relationship: /xl/_rels/workbook.xml.rels
[DEBUG] 2024-01-15 13:42:17.039 [main] PackageRelationshipCollection - Parsing relationship: /xl/worksheets/_rels/sheet1.xml.rels
[DEBUG] 2024-01-15 13:42:17.040 [main] PackageRelationshipCollection - Parsing relationship: /_rels/.rels
[INFO ] 2024-01-15 13:42:33.465 [main] UserTests - ********** Creating User *************
[INFO ] 2024-01-15 13:42:35.770 [main] UserTests - ********** User is created *************
[INFO ] 2024-01-15 13:42:35.774 [main] UserTests - ********** Reading User Info *************
[INFO ] 2024-01-15 13:42:38.634 [main] UserTests - ********** User info is displayed *************
[INFO ] 2024-01-15 13:42:38.639 [main] UserTests - ********** Updating User *************
[INFO ] 2024-01-15 13:42:42.831 [main] UserTests - ********** User is updated *************
[INFO ] 2024-01-15 13:42:47.850 [main] UserTests - ********** Deleting User *************
[INFO ] 2024-01-15 13:42:51.126 [main] UserTests - ********** User Deleted *************
[INFO ] 2024-01-15 13:51:20.298 [main] UserTests2 - ********** Creating User *************
[INFO ] 2024-01-15 13:51:24.916 [main] UserTests2 - ********** User is created *************
[INFO ] 2024-01-15 13:51:24.928 [main] UserTests2 - ********** Reading User Info *************
[INFO ] 2024-01-15 13:51:27.878 [main] UserTests2 - ********** User info is displayed *************
[INFO ] 2024-01-15 13:51:27.881 [main] UserTests2 - ********** Updating User *************
[INFO ] 2024-01-15 13:51:30.735 [main] UserTests2 - ********** User is updated *************
[INFO ] 2024-01-15 13:51:34.982 [main] UserTests2 - ********** Deleting User *************
[INFO ] 2024-01-15 13:51:37.576 [main] UserTests2 - ********** User Deleted *************
[INFO ] 2024-01-15 14:03:28.919 [main] UserTests2 - ********** Creating User *************
[INFO ] 2024-01-15 14:03:33.628 [main] UserTests2 - ********** User is created *************
[INFO ] 2024-01-15 14:03:33.639 [main] UserTests2 - ********** Reading User Info *************
[INFO ] 2024-01-15 14:03:37.215 [main] UserTests2 - ********** User info is displayed *************
[INFO ] 2024-01-15 14:03:37.217 [main] UserTests2 - ********** Updating User *************
[INFO ] 2024-01-15 14:03:40.048 [main] UserTests2 - ********** User is updated *************
[INFO ] 2024-01-15 14:03:43.268 [main] UserTests2 - ********** Deleting User *************
[INFO ] 2024-01-15 14:03:45.128 [main] UserTests2 - ********** User Deleted *************
